Removed Pin From Net: NetName=NetDD1_25 Pin=R18-2
Removed Pin From Net: NetName=NetDD1_26 Pin=R19-2
Removed Pin From Net: NetName=NetDD1_27 Pin=R20-2
Removed Pin From Net: NetName=NetDD1_28 Pin=R21-2
Removed Pin From Net: NetName=GND Pin=VT3-2
Removed Pin From Net: NetName=NetDA2_12 Pin=VT3-3
Removed Pin From Net: NetName=GND Pin=VT4-2
Removed Pin From Net: NetName=NetDA2_5 Pin=VT4-3
Removed Pin From Net: NetName=GND Pin=VT5-2
Removed Pin From Net: NetName=NetDA2_4 Pin=VT5-3
Removed Pin From Net: NetName=GND Pin=VT6-2
Removed Pin From Net: NetName=NetDA2_1 Pin=VT6-3
Removed Pin From Net: NetName=NetC1_2 Pin=XS1-5
Removed Pin From Net: NetName=NetC1_2 Pin=XS4-1
Removed Member From Class: ClassName=Sxem Member=R18
Removed Member From Class: ClassName=Sxem Member=R19
Removed Member From Class: ClassName=Sxem Member=R20
Removed Member From Class: ClassName=Sxem Member=R21
Added Component: Designator=VT3(SOT23-3)
Added Component: Designator=VT4(SOT23-3)
Added Component: Designator=VT5(SOT23-3)
Added Component: Designator=VT6(SOT23-3)
Added Pin To Net: NetName=NetDD1_25 Pin=VT3-1
Added Pin To Net: NetName=GND Pin=VT3-2
Added Pin To Net: NetName=NetDA2_12 Pin=VT3-3
Added Pin To Net: NetName=NetDD1_26 Pin=VT4-1
Added Pin To Net: NetName=GND Pin=VT4-2
Added Pin To Net: NetName=NetDA2_5 Pin=VT4-3
Added Pin To Net: NetName=NetDD1_27 Pin=VT5-1
Added Pin To Net: NetName=GND Pin=VT5-2
Added Pin To Net: NetName=NetDA2_4 Pin=VT5-3
Added Pin To Net: NetName=NetDD1_28 Pin=VT6-1
Added Pin To Net: NetName=GND Pin=VT6-2
Added Pin To Net: NetName=NetDA2_1 Pin=VT6-3
Added Pin To Net: NetName=NetXS1_5 Pin=XS1-5
Added Pin To Net: NetName=NetXS1_5 Pin=XS4-1
Added Net: Name=NetXS1_5
Added Member To Class: ClassName=Sxem Member=Component DA1 STU_5.5-3.3_NCP114ASN330T1G_SMD_TSOP-5
